0 info it worked if it ends with ok
1 verbose cli [ 'node', '/usr/bin/npm', 'install', 'satellizer' ]
2 info using npm@2.11.2
3 info using node@v0.12.4
4 verbose node symlink /usr/bin/node
5 verbose install initial load of /home/firas/Desktop/project/Doorbell/package.json
6 verbose installManyTop reading scoped package data from /home/firas/Desktop/project/Doorbell/node_modules/body-parser/package.json
7 verbose installManyTop reading scoped package data from /home/firas/Desktop/project/Doorbell/node_modules/composable-middleware/package.json
8 verbose installManyTop reading scoped package data from /home/firas/Desktop/project/Doorbell/node_modules/compression/package.json
9 verbose installManyTop reading scoped package data from /home/firas/Desktop/project/Doorbell/node_modules/connect-livereload/package.json
10 verbose installManyTop reading scoped package data from /home/firas/Desktop/project/Doorbell/node_modules/connect-mongo/package.json
11 verbose installManyTop reading scoped package data from /home/firas/Desktop/project/Doorbell/node_modules/cookie-parser/package.json
12 verbose installManyTop reading scoped package data from /home/firas/Desktop/project/Doorbell/node_modules/errorhandler/package.json
13 verbose installManyTop reading scoped package data from /home/firas/Desktop/project/Doorbell/node_modules/express/package.json
14 verbose installManyTop reading scoped package data from /home/firas/Desktop/project/Doorbell/node_modules/express-session/package.json
15 verbose installManyTop reading scoped package data from /home/firas/Desktop/project/Doorbell/node_modules/grunt/package.json
16 verbose installManyTop reading scoped package data from /home/firas/Desktop/project/Doorbell/node_modules/grunt-angular-templates/package.json
17 verbose installManyTop reading scoped package data from /home/firas/Desktop/project/Doorbell/node_modules/grunt-asset-injector/package.json
18 verbose installManyTop reading scoped package data from /home/firas/Desktop/project/Doorbell/node_modules/grunt-autoprefixer/package.json
19 verbose installManyTop reading scoped package data from /home/firas/Desktop/project/Doorbell/node_modules/grunt-build-control/package.json
20 verbose installManyTop reading scoped package data from /home/firas/Desktop/project/Doorbell/node_modules/grunt-concurrent/package.json
21 verbose installManyTop reading scoped package data from /home/firas/Desktop/project/Doorbell/node_modules/grunt-contrib-clean/package.json
22 verbose installManyTop reading scoped package data from /home/firas/Desktop/project/Doorbell/node_modules/grunt-contrib-concat/package.json
23 verbose installManyTop reading scoped package data from /home/firas/Desktop/project/Doorbell/node_modules/grunt-contrib-copy/package.json
24 verbose installManyTop reading scoped package data from /home/firas/Desktop/project/Doorbell/node_modules/grunt-contrib-cssmin/package.json
25 verbose installManyTop reading scoped package data from /home/firas/Desktop/project/Doorbell/node_modules/grunt-contrib-htmlmin/package.json
26 verbose installManyTop reading scoped package data from /home/firas/Desktop/project/Doorbell/node_modules/grunt-contrib-imagemin/package.json
27 verbose installManyTop reading scoped package data from /home/firas/Desktop/project/Doorbell/node_modules/grunt-contrib-jade/package.json
28 verbose installManyTop reading scoped package data from /home/firas/Desktop/project/Doorbell/node_modules/grunt-contrib-jshint/package.json
29 verbose installManyTop reading scoped package data from /home/firas/Desktop/project/Doorbell/node_modules/grunt-contrib-sass/package.json
30 verbose installManyTop reading scoped package data from /home/firas/Desktop/project/Doorbell/node_modules/grunt-contrib-uglify/package.json
31 verbose installManyTop reading scoped package data from /home/firas/Desktop/project/Doorbell/node_modules/grunt-contrib-watch/package.json
32 verbose installManyTop reading scoped package data from /home/firas/Desktop/project/Doorbell/node_modules/grunt-dom-munger/package.json
33 verbose installManyTop reading scoped package data from /home/firas/Desktop/project/Doorbell/node_modules/grunt-env/package.json
34 verbose installManyTop reading scoped package data from /home/firas/Desktop/project/Doorbell/node_modules/grunt-express-server/package.json
35 verbose installManyTop reading scoped package data from /home/firas/Desktop/project/Doorbell/node_modules/grunt-google-cdn/package.json
36 verbose installManyTop reading scoped package data from /home/firas/Desktop/project/Doorbell/node_modules/grunt-karma/package.json
37 verbose installManyTop reading scoped package data from /home/firas/Desktop/project/Doorbell/node_modules/grunt-mocha-test/package.json
38 verbose installManyTop reading scoped package data from /home/firas/Desktop/project/Doorbell/node_modules/grunt-newer/package.json
39 verbose installManyTop reading scoped package data from /home/firas/Desktop/project/Doorbell/node_modules/grunt-ng-annotate/package.json
40 verbose installManyTop reading scoped package data from /home/firas/Desktop/project/Doorbell/node_modules/grunt-node-inspector/package.json
41 verbose installManyTop reading scoped package data from /home/firas/Desktop/project/Doorbell/node_modules/grunt-nodemon/package.json
42 verbose installManyTop reading scoped package data from /home/firas/Desktop/project/Doorbell/node_modules/grunt-open/package.json
43 verbose installManyTop reading scoped package data from /home/firas/Desktop/project/Doorbell/node_modules/grunt-protractor-runner/package.json
44 verbose installManyTop reading scoped package data from /home/firas/Desktop/project/Doorbell/node_modules/grunt-rev/package.json
45 verbose installManyTop reading scoped package data from /home/firas/Desktop/project/Doorbell/node_modules/grunt-svgmin/package.json
46 verbose installManyTop reading scoped package data from /home/firas/Desktop/project/Doorbell/node_modules/grunt-usemin/package.json
47 verbose installManyTop reading scoped package data from /home/firas/Desktop/project/Doorbell/node_modules/grunt-wiredep/package.json
48 verbose installManyTop reading scoped package data from /home/firas/Desktop/project/Doorbell/node_modules/jade/package.json
49 verbose installManyTop reading scoped package data from /home/firas/Desktop/project/Doorbell/node_modules/jit-grunt/package.json
50 verbose installManyTop reading scoped package data from /home/firas/Desktop/project/Doorbell/node_modules/jshint-stylish/package.json
51 verbose installManyTop reading scoped package data from /home/firas/Desktop/project/Doorbell/node_modules/karma/package.json
52 verbose installManyTop reading scoped package data from /home/firas/Desktop/project/Doorbell/node_modules/karma-chrome-launcher/package.json
53 verbose installManyTop reading scoped package data from /home/firas/Desktop/project/Doorbell/node_modules/karma-coffee-preprocessor/package.json
54 verbose installManyTop reading scoped package data from /home/firas/Desktop/project/Doorbell/node_modules/karma-firefox-launcher/package.json
55 verbose installManyTop reading scoped package data from /home/firas/Desktop/project/Doorbell/node_modules/karma-html2js-preprocessor/package.json
56 verbose installManyTop reading scoped package data from /home/firas/Desktop/project/Doorbell/node_modules/karma-jade-preprocessor/package.json
57 verbose installManyTop reading scoped package data from /home/firas/Desktop/project/Doorbell/node_modules/karma-jasmine/package.json
58 verbose installManyTop reading scoped package data from /home/firas/Desktop/project/Doorbell/node_modules/karma-ng-html2js-preprocessor/package.json
59 verbose installManyTop reading scoped package data from /home/firas/Desktop/project/Doorbell/node_modules/karma-ng-jade2js-preprocessor/package.json
60 verbose installManyTop reading scoped package data from /home/firas/Desktop/project/Doorbell/node_modules/karma-ng-scenario/package.json
61 verbose installManyTop reading scoped package data from /home/firas/Desktop/project/Doorbell/node_modules/karma-requirejs/package.json
62 verbose installManyTop reading scoped package data from /home/firas/Desktop/project/Doorbell/node_modules/karma-script-launcher/package.json
63 verbose installManyTop reading scoped package data from /home/firas/Desktop/project/Doorbell/node_modules/lodash/package.json
64 verbose installManyTop reading scoped package data from /home/firas/Desktop/project/Doorbell/node_modules/method-override/package.json
65 verbose installManyTop reading scoped package data from /home/firas/Desktop/project/Doorbell/node_modules/morgan/package.json
66 verbose installManyTop reading scoped package data from /home/firas/Desktop/project/Doorbell/node_modules/open/package.json
67 verbose installManyTop reading scoped package data from /home/firas/Desktop/project/Doorbell/node_modules/requirejs/package.json
68 verbose installManyTop reading scoped package data from /home/firas/Desktop/project/Doorbell/node_modules/serve-favicon/package.json
69 verbose installManyTop reading scoped package data from /home/firas/Desktop/project/Doorbell/node_modules/should/package.json
70 verbose installManyTop reading scoped package data from /home/firas/Desktop/project/Doorbell/node_modules/supertest/package.json
71 verbose installManyTop reading scoped package data from /home/firas/Desktop/project/Doorbell/node_modules/time-grunt/package.json
72 info package.json connect-livereload@0.4.1 No license field.
73 info package.json cookie-parser@1.0.1 No license field.
74 info package.json grunt@0.4.5 No license field.
75 info package.json composable-middleware@0.3.0 No license field.
76 info package.json grunt-angular-templates@0.5.7 No license field.
77 info package.json grunt-asset-injector@0.1.0 No license field.
78 info package.json connect-mongo@0.4.2 No license field.
79 info package.json grunt-build-control@0.1.3 No license field.
80 info package.json grunt-contrib-clean@0.5.0 No license field.
81 info package.json grunt-concurrent@0.5.0 No license field.
82 info package.json grunt-contrib-concat@0.4.0 No license field.
83 info package.json grunt-contrib-copy@0.5.0 No license field.
84 info package.json grunt-contrib-htmlmin@0.2.0 No license field.
85 info package.json grunt-contrib-imagemin@0.7.2 No license field.
86 info package.json grunt-contrib-jade@0.11.0 No license field.
87 info package.json grunt-contrib-jshint@0.11.2 No license field.
88 info package.json grunt-contrib-sass@0.9.2 No license field.
89 info package.json grunt-contrib-cssmin@0.9.0 No license field.
90 info package.json grunt-contrib-uglify@0.4.1 No license field.
91 info package.json grunt-contrib-watch@0.6.1 No license field.
92 info package.json grunt-dom-munger@3.4.0 No license field.
93 info package.json grunt-express-server@0.4.19 No license field.
94 info package.json grunt-mocha-test@0.10.2 No license field.
95 info package.json grunt-newer@0.7.0 No license field.
96 info package.json grunt-ng-annotate@0.2.3 No license field.
97 info package.json grunt-open@0.2.3 No license field.
98 info package.json grunt-google-cdn@0.4.3 license should be a valid SPDX license expression
99 info package.json grunt-env@0.4.4 No license field.
100 info package.json grunt-rev@0.1.0 No license field.
101 info package.json grunt-svgmin@0.4.0 No license field.
102 info package.json grunt-protractor-runner@1.2.1 No license field.
103 info package.json grunt-wiredep@1.8.0 No license field.
104 info package.json grunt-usemin@2.1.1 license should be a valid SPDX license expression
105 info package.json requirejs@2.1.18 No license field.
106 info package.json should@3.3.2 No license field.
107 verbose readDependencies loading dependencies from /home/firas/Desktop/project/Doorbell/package.json
108 silly cache add args [ 'satellizer', null ]
109 verbose cache add spec satellizer
110 silly cache add parsed spec { raw: 'satellizer',
110 silly cache add   scope: null,
110 silly cache add   name: 'satellizer',
110 silly cache add   rawSpec: '',
110 silly cache add   spec: '*',
110 silly cache add   type: 'range' }
111 silly addNamed satellizer@*
112 verbose addNamed "*" is a valid semver range for satellizer
113 silly addNameRange { name: 'satellizer', range: '*', hasData: false }
114 silly mapToRegistry name satellizer
115 silly mapToRegistry using default registry
116 silly mapToRegistry registry https://registry.npmjs.org/
117 silly mapToRegistry uri https://registry.npmjs.org/satellizer
118 verbose addNameRange registry:https://registry.npmjs.org/satellizer not in flight; fetching
119 verbose request uri https://registry.npmjs.org/satellizer
120 verbose request no auth needed
121 info attempt registry request try #1 at 12:34:46
122 verbose request id 243a5c98f884dd62
123 verbose etag "5RQ5Z0C0I5TFRJP8Z5FQGJBZV"
124 http request GET https://registry.npmjs.org/satellizer
125 http 304 https://registry.npmjs.org/satellizer
126 silly get cb [ 304,
126 silly get   { date: 'Mon, 29 Jun 2015 09:34:47 GMT',
126 silly get     via: '1.1 varnish',
126 silly get     'cache-control': 'max-age=60',
126 silly get     etag: '"5RQ5Z0C0I5TFRJP8Z5FQGJBZV"',
126 silly get     age: '0',
126 silly get     connection: 'keep-alive',
126 silly get     'x-served-by': 'cache-lhr6332-LHR',
126 silly get     'x-cache': 'MISS',
126 silly get     'x-cache-hits': '0',
126 silly get     'x-timer': 'S1435570487.559264,VS0,VE91',
126 silly get     vary: 'Accept' } ]
127 verbose etag https://registry.npmjs.org/satellizer from cache
128 verbose get saving satellizer to /home/firas/.npm/registry.npmjs.org/satellizer/.cache.json
129 silly addNameRange number 2 { name: 'satellizer', range: '*', hasData: true }
130 silly addNameRange versions [ 'satellizer',
130 silly addNameRange   [ '0.0.0',
130 silly addNameRange     '1.0.0',
130 silly addNameRange     '0.1.0',
130 silly addNameRange     '0.2.0',
130 silly addNameRange     '0.3.0',
130 silly addNameRange     '0.3.1',
130 silly addNameRange     '0.3.2',
130 silly addNameRange     '0.3.3',
130 silly addNameRange     '0.4.0',
130 silly addNameRange     '0.4.1',
130 silly addNameRange     '0.5.0',
130 silly addNameRange     '0.6.0',
130 silly addNameRange     '0.6.1',
130 silly addNameRange     '0.6.2',
130 silly addNameRange     '0.6.3',
130 silly addNameRange     '0.6.4',
130 silly addNameRange     '0.7.0',
130 silly addNameRange     '0.7.1',
130 silly addNameRange     '0.8.0',
130 silly addNameRange     '0.8.1',
130 silly addNameRange     '0.8.2',
130 silly addNameRange     '0.8.3',
130 silly addNameRange     '0.8.4',
130 silly addNameRange     '0.8.5',
130 silly addNameRange     '0.8.6',
130 silly addNameRange     '0.8.7',
130 silly addNameRange     '0.8.8',
130 silly addNameRange     '0.9.0',
130 silly addNameRange     '0.9.1',
130 silly addNameRange     '0.9.2',
130 silly addNameRange     '0.9.3',
130 silly addNameRange     '0.9.4',
130 silly addNameRange     '0.10.1',
130 silly addNameRange     '0.11.0',
130 silly addNameRange     '0.11.1',
130 silly addNameRange     '0.11.2' ] ]
131 silly addNamed satellizer@0.11.2
132 verbose addNamed "0.11.2" is a plain semver version for satellizer
133 silly cache afterAdd satellizer@0.11.2
134 verbose afterAdd /home/firas/.npm/satellizer/0.11.2/package/package.json not in flight; writing
135 verbose afterAdd /home/firas/.npm/satellizer/0.11.2/package/package.json written
136 silly install resolved [ { name: 'satellizer',
136 silly install resolved     description: 'Token-based AngularJS Authentication',
136 silly install resolved     version: '0.11.2',
136 silly install resolved     scripts:
136 silly install resolved      { start: 'node ./examples/server/node/server.js',
136 silly install resolved        test: 'karma start' },
136 silly install resolved     main: 'satellizer.min.js',
136 silly install resolved     homepage: 'https://github.com/sahat/satellizer',
136 silly install resolved     bugs: { url: 'https://github.com/sahat/satellizer/issues' },
136 silly install resolved     repository:
136 silly install resolved      { type: 'git',
136 silly install resolved        url: 'git+https://github.com/sahat/satellizer.git' },
136 silly install resolved     author:
136 silly install resolved      { name: 'Sahat Yalkabov',
136 silly install resolved        email: 'sahat@me.com',
136 silly install resolved        url: 'http://sahatyalkabov.com' },
136 silly install resolved     devDependencies:
136 silly install resolved      { gulp: '^3.8.7',
136 silly install resolved        'gulp-complexity': '~0.3.0',
136 silly install resolved        'gulp-plumber': '^0.6.4',
136 silly install resolved        'gulp-rename': '^1.2.0',
136 silly install resolved        'gulp-uglify': '~1.0.0',
136 silly install resolved        'gulp-header': '~1.2.0',
136 silly install resolved        karma: '^0.12.21',
136 silly install resolved        'karma-coverage': '^0.2.6',
136 silly install resolved        'karma-jasmine': '^0.1.5',
136 silly install resolved        'karma-phantomjs-launcher': '^0.1.4' },
136 silly install resolved     license: 'MIT',
136 silly install resolved     tags:
136 silly install resolved      [ 'authentication',
136 silly install resolved        'login',
136 silly install resolved        'token',
136 silly install resolved        'jwt',
136 silly install resolved        'angularjs',
136 silly install resolved        'angular',
136 silly install resolved        'auth',
136 silly install resolved        'facebook',
136 silly install resolved        'google',
136 silly install resolved        'linkedin',
136 silly install resolved        'twitter',
136 silly install resolved        'foursquare',
136 silly install resolved        'github',
136 silly install resolved        'yahoo',
136 silly install resolved        'oauth',
136 silly install resolved        'oauth 1.0',
136 silly install resolved        'oauth 2.0',
136 silly install resolved        'oauth2',
136 silly install resolved        'oauth1',
136 silly install resolved        'sign-in',
136 silly install resolved        'social' ],
136 silly install resolved     gitHead: '5a64ab0657bd5559811ec7ff67eb19364093c793',
136 silly install resolved     _id: 'satellizer@0.11.2',
136 silly install resolved     _shasum: '07c2b454ef967dcf14ba847fd004da3eb2c1c0e4',
136 silly install resolved     _from: 'satellizer@*',
136 silly install resolved     _npmVersion: '2.10.1',
136 silly install resolved     _nodeVersion: '0.12.4',
136 silly install resolved     _npmUser: { name: 'sahat', email: 'sakhat@gmail.com' },
136 silly install resolved     dist:
136 silly install resolved      { shasum: '07c2b454ef967dcf14ba847fd004da3eb2c1c0e4',
136 silly install resolved        tarball: 'http://registry.npmjs.org/satellizer/-/satellizer-0.11.2.tgz' },
136 silly install resolved     maintainers: [ [Object] ],
136 silly install resolved     directories: {},
136 silly install resolved     _resolved: 'https://registry.npmjs.org/satellizer/-/satellizer-0.11.2.tgz',
136 silly install resolved     readme: 'ERROR: No README data found!' } ]
137 info install satellizer@0.11.2 into /home/firas/Desktop/project/Doorbell
138 info installOne satellizer@0.11.2
139 verbose installOne of satellizer to /home/firas/Desktop/project/Doorbell not in flight; installing
140 warn locking Error: EACCES, open '/home/firas/.npm/_locks/satellizer-d20029f384df584c.lock'
140 warn locking     at Error (native)
140 warn locking  /home/firas/.npm/_locks/satellizer-d20029f384df584c.lock failed { [Error: EACCES, open '/home/firas/.npm/_locks/satellizer-d20029f384df584c.lock']
140 warn locking   errno: -13,
140 warn locking   code: 'EACCES',
140 warn locking   path: '/home/firas/.npm/_locks/satellizer-d20029f384df584c.lock' }
141 verbose stack Error: Attempt to unlock /home/firas/Desktop/project/Doorbell/node_modules/satellizer, which hasn't been locked
141 verbose stack     at unlock (/usr/lib/node_modules/npm/lib/utils/locker.js:66:11)
141 verbose stack     at cb (/usr/lib/node_modules/npm/lib/install.js:1017:5)
141 verbose stack     at /usr/lib/node_modules/npm/lib/install.js:1021:20
141 verbose stack     at /usr/lib/node_modules/npm/lib/utils/locker.js:40:9
141 verbose stack     at cb (/usr/lib/node_modules/npm/node_modules/lockfile/lockfile.js:149:38)
141 verbose stack     at /usr/lib/node_modules/npm/node_modules/lockfile/lockfile.js:177:38
141 verbose stack     at FSReqWrap.oncomplete (fs.js:95:15)
142 verbose cwd /home/firas/Desktop/project/Doorbell
143 error Linux 3.16.0-41-generic
144 error argv "node" "/usr/bin/npm" "install" "satellizer"
145 error node v0.12.4
146 error npm  v2.11.2
147 error Attempt to unlock /home/firas/Desktop/project/Doorbell/node_modules/satellizer, which hasn't been locked
148 error If you need help, you may report this error at:
148 error     <https://github.com/npm/npm/issues>
149 verbose exit [ 1, true ]
